size = 1
rank={0,1,} iter={0} input={0.055,} output={-inf,0.165207,3713.61,} objective={-inf}
rank={0,1,} iter={1} input={0.0309945,} output={-inf,0.10056,1594.13,} objective={-inf}
rank={0,1,} iter={2} input={0.0786385,} output={-inf,0.23818,6192.33,} objective={-inf}
rank={0,1,} iter={3} input={0.0231754,} output={1034.69,0.076333,1034.69,} objective={1034.69}
rank={0,1,} iter={4} input={0.0463183,} output={-inf,0.151159,2912.82,} objective={-inf}
final_iter={5} inputs={0.0231754,} output={1034.69,0.076333,1034.69,}
time:compress = 4946
time:decompress = 236
sz3:rel_error_bound = 0.0231754
size:compression ratio = 1034.69
error_stat:max_x_sq_diff_rel = 0.076333
size = 1
rank={0,1,} iter={0} input={0.055,} output={-inf,0.165207,3713.61,} objective={-inf}
rank={0,1,} iter={1} input={0.0309945,} output={-inf,0.10056,1594.13,} objective={-inf}
rank={0,1,} iter={2} input={0.0786385,} output={-inf,0.23818,6192.33,} objective={-inf}
rank={0,1,} iter={3} input={0.0231754,} output={1034.69,0.076333,1034.69,} objective={1034.69}
rank={0,1,} iter={4} input={0.0463183,} output={-inf,0.151159,2912.82,} objective={-inf}
final_iter={5} inputs={0.0231754,} output={1034.69,0.076333,1034.69,}
time:compress = 4809
time:decompress = 236
sz3:rel_error_bound = 0.0231754
size:compression ratio = 1034.69
error_stat:max_x_sq_diff_rel = 0.076333
size = 1
rank={0,1,} iter={0} input={0.055,} output={-inf,0.165207,3713.61,} objective={-inf}
rank={0,1,} iter={1} input={0.0309945,} output={-inf,0.10056,1594.13,} objective={-inf}
rank={0,1,} iter={2} input={0.0786385,} output={-inf,0.23818,6192.33,} objective={-inf}
rank={0,1,} iter={3} input={0.0231754,} output={-inf,0.076333,1034.69,} objective={-inf}
rank={0,1,} iter={4} input={0.0463183,} output={-inf,0.151159,2912.82,} objective={-inf}
rank={0,1,} iter={5} input={0.0568791,} output={-inf,0.177645,3904.42,} objective={-inf}
rank={0,1,} iter={6} input={0.0878316,} output={-inf,0.23873,7309.41,} objective={-inf}
rank={0,1,} iter={7} input={0.0577266,} output={-inf,0.174754,3954.44,} objective={-inf}
rank={0,1,} iter={8} input={0.0274448,} output={-inf,0.0896868,1339.28,} objective={-inf}
rank={0,1,} iter={9} input={0.016089,} output={-inf,0.0523891,589.598,} objective={-inf}
rank={0,1,} iter={10} input={0.0895945,} output={-inf,0.273686,7551.73,} objective={-inf}
rank={0,1,} iter={11} input={0.0147578,} output={-inf,0.0493774,517.197,} objective={-inf}
rank={0,1,} iter={12} input={0.0689228,} output={-inf,0.208865,5131.63,} objective={-inf}
rank={0,1,} iter={13} input={0.0805592,} output={-inf,0.247485,6487.61,} objective={-inf}
rank={0,1,} iter={14} input={0.0524081,} output={-inf,0.159837,3478.5,} objective={-inf}
rank={0,1,} iter={15} input={0.051987,} output={-inf,0.167313,3423.72,} objective={-inf}
rank={0,1,} iter={16} input={0.0397206,} output={-inf,0.130448,2321.26,} objective={-inf}
rank={0,1,} iter={17} input={0.0411655,} output={-inf,0.128175,2392.17,} objective={-inf}
rank={0,1,} iter={18} input={0.0123902,} output={-inf,0.0415169,400.933,} objective={-inf}
rank={0,1,} iter={19} input={0.0764704,} output={-inf,0.215677,6062.81,} objective={-inf}
rank={0,1,} iter={20} input={0.0909077,} output={-inf,0.241976,7702.38,} objective={-inf}
rank={0,1,} iter={21} input={0.0176156,} output={-inf,0.0584573,674.673,} objective={-inf}
rank={0,1,} iter={22} input={0.0982362,} output={-inf,0.216489,8491.85,} objective={-inf}
rank={0,1,} iter={23} input={0.0359875,} output={-inf,0.117687,1974.76,} objective={-inf}
rank={0,1,} iter={24} input={0.0242639,} output={-inf,0.0807219,1110.81,} objective={-inf}
rank={0,1,} iter={25} input={0.0751486,} output={-inf,0.229179,5912.26,} objective={-inf}
rank={0,1,} iter={26} input={0.0166804,} output={-inf,0.0560196,621.74,} objective={-inf}
rank={0,1,} iter={27} input={0.0285457,} output={1415.65,0.0944041,1415.65,} objective={1415.65}
rank={0,1,} iter={28} input={0.0173803,} output={-inf,0.0574693,665.89,} objective={-inf}
final_iter={29} inputs={0.0285457,} output={1415.65,0.0944041,1415.65,}
time:compress = 34357
time:decompress = 490
sz3:rel_error_bound = 0.0285457
size:compression ratio = 1415.65
error_stat:max_x_sq_diff_rel = 0.0944041
size = 1
rank={0,1,} iter={0} input={0.0055,} output={-inf,0.0188548,138.289,} objective={-inf}
rank={0,1,} iter={1} input={0.00309945,} output={-inf,0.0106328,74.0048,} objective={-inf}
rank={0,1,} iter={2} input={0.00786385,} output={-inf,0.026335,215.089,} objective={-inf}
rank={0,1,} iter={3} input={0.00231754,} output={55.5638,0.00789324,55.5638,} objective={55.5638}
rank={0,1,} iter={4} input={0.00463183,} output={-inf,0.0157417,113.444,} objective={-inf}
final_iter={5} inputs={0.00231754,} output={55.5638,0.00789324,55.5638,}
time:compress = 11104
time:decompress = 577
sz3:rel_error_bound = 0.00231754
size:compression ratio = 55.5638
error_stat:max_x_sq_diff_rel = 0.00789324
size = 1
rank={0,1,} iter={0} input={0.0055,} output={-inf,0.0188548,138.289,} objective={-inf}
rank={0,1,} iter={1} input={0.00309945,} output={-inf,0.0106328,74.0048,} objective={-inf}
rank={0,1,} iter={2} input={0.00786385,} output={-inf,0.026335,215.089,} objective={-inf}
rank={0,1,} iter={3} input={0.00231754,} output={55.5638,0.00789324,55.5638,} objective={55.5638}
rank={0,1,} iter={4} input={0.00463183,} output={-inf,0.0157417,113.444,} objective={-inf}
final_iter={5} inputs={0.00231754,} output={55.5638,0.00789324,55.5638,}
time:compress = 11241
time:decompress = 562
sz3:rel_error_bound = 0.00231754
size:compression ratio = 55.5638
error_stat:max_x_sq_diff_rel = 0.00789324
size = 1
rank={0,1,} iter={0} input={0.0055,} output={-inf,0.0188548,138.289,} objective={-inf}
rank={0,1,} iter={1} input={0.00309945,} output={-inf,0.0106328,74.0048,} objective={-inf}
rank={0,1,} iter={2} input={0.00786385,} output={-inf,0.026335,215.089,} objective={-inf}
rank={0,1,} iter={3} input={0.00231754,} output={-inf,0.00789324,55.5638,} objective={-inf}
rank={0,1,} iter={4} input={0.00463183,} output={-inf,0.0157417,113.444,} objective={-inf}
rank={0,1,} iter={5} input={0.00568791,} output={-inf,0.0192321,143.839,} objective={-inf}
rank={0,1,} iter={6} input={0.00878316,} output={-inf,0.0296763,248.167,} objective={-inf}
rank={0,1,} iter={7} input={0.00577266,} output={-inf,0.019704,146.276,} objective={-inf}
rank={0,1,} iter={8} input={0.00274448,} output={65.4068,0.00950793,65.4068,} objective={65.4068}
rank={0,1,} iter={9} input={0.0016089,} output={-inf,0.00553153,39.9052,} objective={-inf}
final_iter={10} inputs={0.00274448,} output={65.4068,0.00950793,65.4068,}
time:compress = 20442
time:decompress = 555
sz3:rel_error_bound = 0.00274448
size:compression ratio = 65.4068
error_stat:max_x_sq_diff_rel = 0.00950793
size = 1
rank={0,1,} iter={0} input={0.00055,} output={-inf,0.00188644,20.1145,} objective={-inf}
rank={0,1,} iter={1} input={0.000309945,} output={-inf,0.00106326,14.4063,} objective={-inf}
rank={0,1,} iter={2} input={0.000786385,} output={-inf,0.00271519,25.5489,} objective={-inf}
rank={0,1,} iter={3} input={0.000231754,} output={13.4466,0.000802496,13.4466,} objective={13.4466}
rank={0,1,} iter={4} input={0.000463183,} output={-inf,0.00158461,18.1516,} objective={-inf}
final_iter={5} inputs={0.000231754,} output={13.4466,0.000802496,13.4466,}
time:compress = 15565
time:decompress = 1135
sz3:rel_error_bound = 0.000231754
size:compression ratio = 13.4466
error_stat:max_x_sq_diff_rel = 0.000802496
size = 1
rank={0,1,} iter={0} input={0.00055,} output={-inf,0.00188644,20.1145,} objective={-inf}
rank={0,1,} iter={1} input={0.000309945,} output={-inf,0.00106326,14.4063,} objective={-inf}
rank={0,1,} iter={2} input={0.000786385,} output={-inf,0.00271519,25.5489,} objective={-inf}
rank={0,1,} iter={3} input={0.000231754,} output={13.4466,0.000802496,13.4466,} objective={13.4466}
rank={0,1,} iter={4} input={0.000463183,} output={-inf,0.00158461,18.1516,} objective={-inf}
final_iter={5} inputs={0.000231754,} output={13.4466,0.000802496,13.4466,}
time:compress = 15603
time:decompress = 1136
sz3:rel_error_bound = 0.000231754
size:compression ratio = 13.4466
error_stat:max_x_sq_diff_rel = 0.000802496
size = 1
rank={0,1,} iter={0} input={0.00055,} output={-inf,0.00188644,20.1145,} objective={-inf}
rank={0,1,} iter={1} input={0.000309945,} output={-inf,0.00106326,14.4063,} objective={-inf}
rank={0,1,} iter={2} input={0.000786385,} output={-inf,0.00271519,25.5489,} objective={-inf}
rank={0,1,} iter={3} input={0.000231754,} output={-inf,0.000802496,13.4466,} objective={-inf}
rank={0,1,} iter={4} input={0.000463183,} output={-inf,0.00158461,18.1516,} objective={-inf}
rank={0,1,} iter={5} input={0.000568791,} output={-inf,0.00193072,20.5492,} objective={-inf}
rank={0,1,} iter={6} input={0.000878316,} output={-inf,0.00301709,24.5578,} objective={-inf}
rank={0,1,} iter={7} input={0.000577266,} output={-inf,0.00199019,20.7637,} objective={-inf}
rank={0,1,} iter={8} input={0.000274448,} output={13.868,0.000946867,13.868,} objective={13.868}
rank={0,1,} iter={9} input={0.00016089,} output={-inf,0.000550184,11.8385,} objective={-inf}
final_iter={10} inputs={0.000274448,} output={13.868,0.000946867,13.868,}
time:compress = 27101
time:decompress = 1410
sz3:rel_error_bound = 0.000274448
size:compression ratio = 13.868
error_stat:max_x_sq_diff_rel = 0.000946867
size = 1
rank={0,1,} iter={0} input={5.5e-05,} output={-inf,0.000188615,8.36662,} objective={-inf}
rank={0,1,} iter={1} input={3.09945e-05,} output={-inf,0.000106315,7.06899,} objective={-inf}
rank={0,1,} iter={2} input={7.86385e-05,} output={-inf,0.000271829,9.37278,} objective={-inf}
rank={0,1,} iter={3} input={2.31754e-05,} output={6.56068,7.96374e-05,6.56068,} objective={6.56068}
rank={0,1,} iter={4} input={4.63183e-05,} output={-inf,0.00015999,7.89606,} objective={-inf}
final_iter={5} inputs={2.31754e-05,} output={6.56068,7.96374e-05,6.56068,}
time:compress = 22271
time:decompress = 1778
sz3:rel_error_bound = 2.31754e-05
size:compression ratio = 6.56068
error_stat:max_x_sq_diff_rel = 7.96374e-05
size = 1
rank={0,1,} iter={0} input={5.5e-05,} output={-inf,0.000188615,8.36662,} objective={-inf}
rank={0,1,} iter={1} input={3.09945e-05,} output={-inf,0.000106315,7.06899,} objective={-inf}
rank={0,1,} iter={2} input={7.86385e-05,} output={-inf,0.000271829,9.37278,} objective={-inf}
rank={0,1,} iter={3} input={2.31754e-05,} output={6.56068,7.96374e-05,6.56068,} objective={6.56068}
rank={0,1,} iter={4} input={4.63183e-05,} output={-inf,0.00015999,7.89606,} objective={-inf}
final_iter={5} inputs={2.31754e-05,} output={6.56068,7.96374e-05,6.56068,}
time:compress = 22269
time:decompress = 1761
sz3:rel_error_bound = 2.31754e-05
size:compression ratio = 6.56068
error_stat:max_x_sq_diff_rel = 7.96374e-05
size = 1
rank={0,1,} iter={0} input={5.5e-05,} output={-inf,0.000188615,8.36662,} objective={-inf}
rank={0,1,} iter={1} input={3.09945e-05,} output={-inf,0.000106315,7.06899,} objective={-inf}
rank={0,1,} iter={2} input={7.86385e-05,} output={-inf,0.000271829,9.37278,} objective={-inf}
rank={0,1,} iter={3} input={2.31754e-05,} output={-inf,7.96374e-05,6.56068,} objective={-inf}
rank={0,1,} iter={4} input={4.63183e-05,} output={-inf,0.00015999,7.89606,} objective={-inf}
rank={0,1,} iter={5} input={5.68791e-05,} output={-inf,0.000197489,8.46441,} objective={-inf}
rank={0,1,} iter={6} input={8.78316e-05,} output={-inf,0.000303361,9.73443,} objective={-inf}
rank={0,1,} iter={7} input={5.77266e-05,} output={-inf,0.000197776,8.45292,} objective={-inf}
rank={0,1,} iter={8} input={2.74448e-05,} output={6.85672,9.49614e-05,6.85672,} objective={6.85672}
rank={0,1,} iter={9} input={1.6089e-05,} output={-inf,5.55901e-05,6.06284,} objective={-inf}
final_iter={10} inputs={2.74448e-05,} output={6.85672,9.49614e-05,6.85672,}
time:compress = 40408
time:decompress = 1653
sz3:rel_error_bound = 2.74448e-05
size:compression ratio = 6.85672
error_stat:max_x_sq_diff_rel = 9.49614e-05
size = 1
rank={0,1,} iter={0} input={5.5e-06,} output={-inf,1.8977e-05,5.04505,} objective={-inf}
rank={0,1,} iter={1} input={3.09945e-06,} output={-inf,1.06741e-05,4.62646,} objective={-inf}
rank={0,1,} iter={2} input={7.86385e-06,} output={-inf,2.65826e-05,5.35099,} objective={-inf}
rank={0,1,} iter={3} input={2.31754e-06,} output={4.42793,7.96785e-06,4.42793,} objective={4.42793}
rank={0,1,} iter={4} input={4.63183e-06,} output={-inf,1.60698e-05,4.92077,} objective={-inf}
final_iter={5} inputs={2.31754e-06,} output={4.42793,7.96785e-06,4.42793,}
time:compress = 29069
time:decompress = 2320
sz3:rel_error_bound = 2.31754e-06
size:compression ratio = 4.42793
error_stat:max_x_sq_diff_rel = 7.96785e-06
size = 1
rank={0,1,} iter={0} input={5.5e-06,} output={-inf,1.8977e-05,5.04505,} objective={-inf}
rank={0,1,} iter={1} input={3.09945e-06,} output={-inf,1.06741e-05,4.62646,} objective={-inf}
rank={0,1,} iter={2} input={7.86385e-06,} output={-inf,2.65826e-05,5.35099,} objective={-inf}
rank={0,1,} iter={3} input={2.31754e-06,} output={4.42793,7.96785e-06,4.42793,} objective={4.42793}
rank={0,1,} iter={4} input={4.63183e-06,} output={-inf,1.60698e-05,4.92077,} objective={-inf}
final_iter={5} inputs={2.31754e-06,} output={4.42793,7.96785e-06,4.42793,}
time:compress = 29088
time:decompress = 2316
sz3:rel_error_bound = 2.31754e-06
size:compression ratio = 4.42793
error_stat:max_x_sq_diff_rel = 7.96785e-06
size = 1
rank={0,1,} iter={0} input={5.5e-06,} output={-inf,1.8977e-05,5.04505,} objective={-inf}
rank={0,1,} iter={1} input={3.09945e-06,} output={-inf,1.06741e-05,4.62646,} objective={-inf}
rank={0,1,} iter={2} input={7.86385e-06,} output={-inf,2.65826e-05,5.35099,} objective={-inf}
rank={0,1,} iter={3} input={2.31754e-06,} output={-inf,7.96785e-06,4.42793,} objective={-inf}
rank={0,1,} iter={4} input={4.63183e-06,} output={-inf,1.60698e-05,4.92077,} objective={-inf}
rank={0,1,} iter={5} input={5.68791e-06,} output={-inf,1.9566e-05,5.08415,} objective={-inf}
rank={0,1,} iter={6} input={8.78316e-06,} output={-inf,3.02533e-05,5.45248,} objective={-inf}
rank={0,1,} iter={7} input={5.77266e-06,} output={-inf,1.99115e-05,5.09282,} objective={-inf}
rank={0,1,} iter={8} input={2.74448e-06,} output={4.55036,9.43575e-06,4.55036,} objective={4.55036}
rank={0,1,} iter={9} input={1.6089e-06,} output={-inf,5.56497e-06,4.22309,} objective={-inf}
final_iter={10} inputs={2.74448e-06,} output={4.55036,9.43575e-06,4.55036,}
time:compress = 50866
time:decompress = 2227
sz3:rel_error_bound = 2.74448e-06
size:compression ratio = 4.55036
error_stat:max_x_sq_diff_rel = 9.43575e-06
