Performing C SOURCE FILE Test CMAKE_HAVE_LIBC_PTHREAD failed with the following output:
Change Dir: /home/pjyh8/git/libpressio-qoi/build2/CMakeFiles/CMakeTmp

Run Build Command(s):/usr/bin/make -f Makefile cmTC_12272/fast && /usr/bin/make  -f CMakeFiles/cmTC_12272.dir/build.make CMakeFiles/cmTC_12272.dir/build
make[1]: Entering directory '/home/pjyh8/git/libpressio-qoi/build2/CMakeFiles/CMakeTmp'
Building C object CMakeFiles/cmTC_12272.dir/src.c.o
/usr/bin/cc -DCMAKE_HAVE_LIBC_PTHREAD   -o CMakeFiles/cmTC_12272.dir/src.c.o -c /home/pjyh8/git/libpressio-qoi/build2/CMakeFiles/CMakeTmp/src.c
Linking C executable cmTC_12272
/home/pjyh8/.local/lib/python3.6/site-packages/cmake/data/bin/cmake -E cmake_link_script CMakeFiles/cmTC_12272.dir/link.txt --verbose=1
/usr/bin/cc CMakeFiles/cmTC_12272.dir/src.c.o -o cmTC_12272 
/share/apps/common/gcc/9.2.0/binutils/bin/ld: CMakeFiles/cmTC_12272.dir/src.c.o: in function `main':
src.c:(.text+0x3e): undefined reference to `pthread_create'
/share/apps/common/gcc/9.2.0/binutils/bin/ld: src.c:(.text+0x4a): undefined reference to `pthread_detach'
/share/apps/common/gcc/9.2.0/binutils/bin/ld: src.c:(.text+0x56): undefined reference to `pthread_cancel'
/share/apps/common/gcc/9.2.0/binutils/bin/ld: src.c:(.text+0x67): undefined reference to `pthread_join'
/share/apps/common/gcc/9.2.0/binutils/bin/ld: src.c:(.text+0x7b): undefined reference to `pthread_atfork'
collect2: error: ld returned 1 exit status
CMakeFiles/cmTC_12272.dir/build.make:98: recipe for target 'cmTC_12272' failed
make[1]: *** [cmTC_12272] Error 1
make[1]: Leaving directory '/home/pjyh8/git/libpressio-qoi/build2/CMakeFiles/CMakeTmp'
Makefile:127: recipe for target 'cmTC_12272/fast' failed
make: *** [cmTC_12272/fast] Error 2


Source file was:
#include <pthread.h>

static void* test_func(void* data)
{
  return data;
}

int main(void)
{
  pthread_t thread;
  pthread_create(&thread, NULL, test_func, NULL);
  pthread_detach(thread);
  pthread_cancel(thread);
  pthread_join(thread, NULL);
  pthread_atfork(NULL, NULL, NULL);
  pthread_exit(NULL);

  return 0;
}

Determining if the function pthread_create exists in the pthreads failed with the following output:
Change Dir: /home/pjyh8/git/libpressio-qoi/build2/CMakeFiles/CMakeTmp

Run Build Command(s):/usr/bin/make -f Makefile cmTC_b58fa/fast && /usr/bin/make  -f CMakeFiles/cmTC_b58fa.dir/build.make CMakeFiles/cmTC_b58fa.dir/build
make[1]: Entering directory '/home/pjyh8/git/libpressio-qoi/build2/CMakeFiles/CMakeTmp'
Building C object CMakeFiles/cmTC_b58fa.dir/CheckFunctionExists.c.o
/usr/bin/cc   -DCHECK_FUNCTION_EXISTS=pthread_create -o CMakeFiles/cmTC_b58fa.dir/CheckFunctionExists.c.o -c /home/pjyh8/.local/lib/python3.6/site-packages/cmake/data/share/cmake-3.22/Modules/CheckFunctionExists.c
Linking C executable cmTC_b58fa
/home/pjyh8/.local/lib/python3.6/site-packages/cmake/data/bin/cmake -E cmake_link_script CMakeFiles/cmTC_b58fa.dir/link.txt --verbose=1
/usr/bin/cc  -DCHECK_FUNCTION_EXISTS=pthread_create CMakeFiles/cmTC_b58fa.dir/CheckFunctionExists.c.o -o cmTC_b58fa  -lpthreads 
/share/apps/common/gcc/9.2.0/binutils/bin/ld: cannot find -lpthreads
collect2: error: ld returned 1 exit status
CMakeFiles/cmTC_b58fa.dir/build.make:98: recipe for target 'cmTC_b58fa' failed
make[1]: *** [cmTC_b58fa] Error 1
make[1]: Leaving directory '/home/pjyh8/git/libpressio-qoi/build2/CMakeFiles/CMakeTmp'
Makefile:127: recipe for target 'cmTC_b58fa/fast' failed
make: *** [cmTC_b58fa/fast] Error 2



